2015-06-29 16:53:39,263 [myid:] - INFO  [main:QuorumPeerConfig@109] - Reading configuration from: ./localhost:2185/zoo.cfg
2015-06-29 16:53:39,369 [myid:5] - INFO  [main:DatadirCleanupManager@78] - autopurge.snapRetainCount set to 3
2015-06-29 16:53:39,370 [myid:5] - INFO  [main:DatadirCleanupManager@79] - autopurge.purgeInterval set to 0
2015-06-29 16:53:39,371 [myid:5] - INFO  [main:DatadirCleanupManager@101] - Purge task is not scheduled.
2015-06-29 16:53:39,832 [myid:5] - INFO  [main:QuorumPeerMain@136] - Starting quorum peer
2015-06-29 16:53:39,904 [myid:5] - INFO  [main:NIOServerCnxnFactory@670] - Configuring NIO connection handler with 10s sessionless connection timeout, 1 selector thread(s), 4 worker threads, and 64 kB direct buffers.
2015-06-29 16:53:39,954 [myid:5] - INFO  [main:NIOServerCnxnFactory@683] - binding to port 0.0.0.0/0.0.0.0:2185
2015-06-29 16:53:40,252 [myid:5] - INFO  [main:Slf4jLog@67] - Logging to org.slf4j.impl.Log4jLoggerAdapter(org.mortbay.log) via org.mortbay.log.Slf4jLog
2015-06-29 16:53:40,431 [myid:5] - INFO  [main:QuorumPeer@1205] - Local sessions disabled
2015-06-29 16:53:40,431 [myid:5] - INFO  [main:QuorumPeer@1216] - Local session upgrading disabled
2015-06-29 16:53:40,443 [myid:5] - INFO  [main:QuorumPeer@1185] - tickTime set to 2000
2015-06-29 16:53:40,443 [myid:5] - INFO  [main:QuorumPeer@1227] - minSessionTimeout set to 4000
2015-06-29 16:53:40,444 [myid:5] - INFO  [main:QuorumPeer@1238] - maxSessionTimeout set to 40000
2015-06-29 16:53:40,444 [myid:5] - INFO  [main:QuorumPeer@1253] - initLimit set to 10
2015-06-29 16:53:40,590 [myid:5] - INFO  [main:FileSnap@83] - Reading snapshot ./localhost:2185/data/version-2/snapshot.200000095
2015-06-29 16:53:40,817 [myid:5] - INFO  [main:Slf4jLog@67] - jetty-6.1.26
2015-06-29 16:53:40,986 [myid:5] - WARN  [main:Slf4jLog@76] - failed SocketConnector@0.0.0.0:8080: java.net.BindException: Address already in use
2015-06-29 16:53:40,986 [myid:5] - WARN  [main:Slf4jLog@76] - failed Server@4e9475d1: java.net.BindException: Address already in use
2015-06-29 16:53:40,998 [myid:5] - WARN  [main:QuorumPeer@650] - Problem starting AdminServer
org.apache.zookeeper.server.admin.AdminServer$AdminServerException: Problem starting AdminServer on port 8080, command URL /commands
	at org.apache.zookeeper.server.admin.JettyAdminServer.start(JettyAdminServer.java:89)
	at org.apache.zookeeper.server.quorum.QuorumPeer.start(QuorumPeer.java:648)
	at org.apache.zookeeper.server.quorum.QuorumPeerMain.runFromConfig(QuorumPeerMain.java:171)
	at org.apache.zookeeper.server.quorum.QuorumPeerMain.initializeAndRun(QuorumPeerMain.java:120)
	at org.apache.zookeeper.server.quorum.QuorumPeerMain.main(QuorumPeerMain.java:79)
Caused by: java.net.BindException: Address already in use
	at java.net.PlainSocketImpl.socketBind(Native Method)
	at java.net.AbstractPlainSocketImpl.bind(AbstractPlainSocketImpl.java:376)
	at java.net.ServerSocket.bind(ServerSocket.java:376)
	at java.net.ServerSocket.<init>(ServerSocket.java:237)
	at java.net.ServerSocket.<init>(ServerSocket.java:181)
	at org.mortbay.jetty.bio.SocketConnector.newServerSocket(SocketConnector.java:80)
	at org.mortbay.jetty.bio.SocketConnector.open(SocketConnector.java:73)
	at org.mortbay.jetty.AbstractConnector.doStart(AbstractConnector.java:283)
	at org.mortbay.jetty.bio.SocketConnector.doStart(SocketConnector.java:147)
	at org.mortbay.component.AbstractLifeCycle.start(AbstractLifeCycle.java:50)
	at org.mortbay.jetty.Server.doStart(Server.java:235)
	at org.mortbay.component.AbstractLifeCycle.start(AbstractLifeCycle.java:50)
	at org.apache.zookeeper.server.admin.JettyAdminServer.start(JettyAdminServer.java:85)
	... 4 more
org.apache.zookeeper.server.admin.AdminServer$AdminServerException: Problem starting AdminServer on port 8080, command URL /commands
2015-06-29 16:53:41,018 [myid:5] - INFO  [QuorumPeerListener:QuorumCnxManager$Listener@550] - My election bind port: localhost/127.0.0.1:4185
2015-06-29 16:53:41,043 [myid:5] - INFO  [QuorumPeer[myid=5]/0:0:0:0:0:0:0:0:2185:QuorumPeer@913] - LOOKING
2015-06-29 16:53:41,046 [myid:5] - INFO  [QuorumPeer[myid=5]/0:0:0:0:0:0:0:0:2185:FastLeaderElection@888] - New election. My id =  5, proposed zxid=0x30000005b
2015-06-29 16:53:41,071 [myid:5] - INFO  [localhost/127.0.0.1:4185:QuorumCnxManager$Listener@556] - Received connection request /127.0.0.1:51331
2015-06-29 16:53:41,105 [myid:5] - INFO  [WorkerReceiver[myid=5]:FastLeaderElection@682] - Notification: 2 (message format version), 3 (n.leader), 0x30000005b (n.zxid), 0x1 (n.round), LOOKING (n.state), 2 (n.sid), 0x3 (n.peerEPoch), LOOKING (my state)100000000 (n.config version)
2015-06-29 16:53:41,106 [myid:5] - INFO  [WorkerReceiver[myid=5]:FastLeaderElection@682] - Notification: 2 (message format version), 5 (n.leader), 0x30000005b (n.zxid), 0x1 (n.round), LOOKING (n.state), 2 (n.sid), 0x3 (n.peerEPoch), LOOKING (my state)100000000 (n.config version)
2015-06-29 16:53:41,107 [myid:5] - INFO  [WorkerReceiver[myid=5]:FastLeaderElection@682] - Notification: 2 (message format version), 5 (n.leader), 0x30000005b (n.zxid), 0x1 (n.round), LOOKING (n.state), 3 (n.sid), 0x3 (n.peerEPoch), LOOKING (my state)100000000 (n.config version)
2015-06-29 16:53:41,110 [myid:5] - INFO  [WorkerReceiver[myid=5]:FastLeaderElection@682] - Notification: 2 (message format version), 5 (n.leader), 0x30000005b (n.zxid), 0x1 (n.round), LOOKING (n.state), 5 (n.sid), 0x3 (n.peerEPoch), LOOKING (my state)100000000 (n.config version)
2015-06-29 16:53:41,111 [myid:5] - INFO  [WorkerReceiver[myid=5]:FastLeaderElection@682] - Notification: 2 (message format version), 3 (n.leader), 0x30000005b (n.zxid), 0x1 (n.round), LOOKING (n.state), 1 (n.sid), 0x3 (n.peerEPoch), LOOKING (my state)100000000 (n.config version)
2015-06-29 16:53:41,112 [myid:5] - INFO  [WorkerReceiver[myid=5]:FastLeaderElection@682] - Notification: 2 (message format version), 5 (n.leader), 0x30000005b (n.zxid), 0x1 (n.round), LOOKING (n.state), 1 (n.sid), 0x3 (n.peerEPoch), LOOKING (my state)100000000 (n.config version)
2015-06-29 16:53:41,156 [myid:5] - INFO  [WorkerReceiver[myid=5]:FastLeaderElection@682] - Notification: 2 (message format version), 4 (n.leader), 0x30000005b (n.zxid), 0x1 (n.round), LOOKING (n.state), 4 (n.sid), 0x3 (n.peerEPoch), LOOKING (my state)100000000 (n.config version)
2015-06-29 16:53:41,163 [myid:5] - INFO  [WorkerReceiver[myid=5]:FastLeaderElection@682] - Notification: 2 (message format version), 5 (n.leader), 0x30000005b (n.zxid), 0x1 (n.round), LOOKING (n.state), 4 (n.sid), 0x3 (n.peerEPoch), LOOKING (my state)100000000 (n.config version)
2015-06-29 16:53:41,364 [myid:5] - INFO  [QuorumPeer[myid=5]/0:0:0:0:0:0:0:0:2185:MBeanRegistry@119] - Unregister MBean [org.apache.ZooKeeperService:name0=ReplicatedServer_id5,name1=replica.5,name2=LeaderElection]
2015-06-29 16:53:41,365 [myid:5] - INFO  [QuorumPeer[myid=5]/0:0:0:0:0:0:0:0:2185:QuorumPeer@1001] - LEADING
2015-06-29 16:53:41,393 [myid:5] - INFO  [QuorumPeer[myid=5]/0:0:0:0:0:0:0:0:2185:Leader@62] - TCP NoDelay set to: true
2015-06-29 16:53:41,393 [myid:5] - INFO  [QuorumPeer[myid=5]/0:0:0:0:0:0:0:0:2185:Leader@82] - zookeeper.leader.maxConcurrentSnapshots = 10
2015-06-29 16:53:41,394 [myid:5] - INFO  [QuorumPeer[myid=5]/0:0:0:0:0:0:0:0:2185:Leader@84] - zookeeper.leader.maxConcurrentSnapshotTimeout = 5
2015-06-29 16:53:41,428 [myid:5] - INFO  [QuorumPeer[myid=5]/0:0:0:0:0:0:0:0:2185:Environment@109] - Server environment:zookeeper.version=3.5.0-alpha-1615249, built on 08/01/2014 22:13 GMT
2015-06-29 16:53:41,429 [myid:5] - INFO  [QuorumPeer[myid=5]/0:0:0:0:0:0:0:0:2185:Environment@109] - Server environment:host.name=chrubuntu
2015-06-29 16:53:41,429 [myid:5] - INFO  [QuorumPeer[myid=5]/0:0:0:0:0:0:0:0:2185:Environment@109] - Server environment:java.version=1.7.0_79
2015-06-29 16:53:41,429 [myid:5] - INFO  [QuorumPeer[myid=5]/0:0:0:0:0:0:0:0:2185:Environment@109] - Server environment:java.vendor=Oracle Corporation
2015-06-29 16:53:41,429 [myid:5] - INFO  [QuorumPeer[myid=5]/0:0:0:0:0:0:0:0:2185:Environment@109] - Server environment:java.home=/usr/lib/jvm/java-7-openjdk-amd64/jre
2015-06-29 16:53:41,429 [myid:5] - INFO  [QuorumPeer[myid=5]/0:0:0:0:0:0:0:0:2185:Environment@109] - Server environment:java.class.path=./jline-2.11.jar:./servlet-api-2.5-20081211.jar:./jackson-mapper-asl-1.9.11.jar:./slf4j-log4j12-1.7.5.jar:./jetty-util-6.1.26.jar:./slf4j-api-1.7.5.jar:./log4j-1.2.16.jar:./commons-cli-1.2.jar:./jackson-core-asl-1.9.11.jar:./zookeeper-3.5.0-alpha.jar:./javacc.jar:./jetty-6.1.26.jar:./netty-3.7.0.Final.jar:.
2015-06-29 16:53:41,430 [myid:5] - INFO  [QuorumPeer[myid=5]/0:0:0:0:0:0:0:0:2185:Environment@109] - Server environment:java.library.path=/usr/java/packages/lib/amd64:/usr/lib/x86_64-linux-gnu/jni:/lib/x86_64-linux-gnu:/usr/lib/x86_64-linux-gnu:/usr/lib/jni:/lib:/usr/lib
2015-06-29 16:53:41,430 [myid:5] - INFO  [QuorumPeer[myid=5]/0:0:0:0:0:0:0:0:2185:Environment@109] - Server environment:java.io.tmpdir=/tmp
2015-06-29 16:53:41,430 [myid:5] - INFO  [QuorumPeer[myid=5]/0:0:0:0:0:0:0:0:2185:Environment@109] - Server environment:java.compiler=<NA>
2015-06-29 16:53:41,430 [myid:5] - INFO  [QuorumPeer[myid=5]/0:0:0:0:0:0:0:0:2185:Environment@109] - Server environment:os.name=Linux
2015-06-29 16:53:41,430 [myid:5] - INFO  [QuorumPeer[myid=5]/0:0:0:0:0:0:0:0:2185:Environment@109] - Server environment:os.arch=amd64
2015-06-29 16:53:41,430 [myid:5] - INFO  [QuorumPeer[myid=5]/0:0:0:0:0:0:0:0:2185:Environment@109] - Server environment:os.version=3.13.0-36-generic
2015-06-29 16:53:41,430 [myid:5] - INFO  [QuorumPeer[myid=5]/0:0:0:0:0:0:0:0:2185:Environment@109] - Server environment:user.name=dkudrow
2015-06-29 16:53:41,431 [myid:5] - INFO  [QuorumPeer[myid=5]/0:0:0:0:0:0:0:0:2185:Environment@109] - Server environment:user.home=/home/dkudrow
2015-06-29 16:53:41,431 [myid:5] - INFO  [QuorumPeer[myid=5]/0:0:0:0:0:0:0:0:2185:Environment@109] - Server environment:user.dir=/home/dkudrow/PycharmProjects/BlacKnight/zkconf
2015-06-29 16:53:41,431 [myid:5] - INFO  [QuorumPeer[myid=5]/0:0:0:0:0:0:0:0:2185:Environment@109] - Server environment:os.memory.free=20MB
2015-06-29 16:53:41,445 [myid:5] - INFO  [QuorumPeer[myid=5]/0:0:0:0:0:0:0:0:2185:Environment@109] - Server environment:os.memory.max=592MB
2015-06-29 16:53:41,447 [myid:5] - INFO  [QuorumPeer[myid=5]/0:0:0:0:0:0:0:0:2185:Environment@109] - Server environment:os.memory.total=28MB
2015-06-29 16:53:41,449 [myid:5] - INFO  [QuorumPeer[myid=5]/0:0:0:0:0:0:0:0:2185:ZooKeeperServer@781] - minSessionTimeout set to 4000
2015-06-29 16:53:41,449 [myid:5] - INFO  [QuorumPeer[myid=5]/0:0:0:0:0:0:0:0:2185:ZooKeeperServer@790] - maxSessionTimeout set to 40000
2015-06-29 16:53:41,449 [myid:5] - INFO  [QuorumPeer[myid=5]/0:0:0:0:0:0:0:0:2185:ZooKeeperServer@152] - Created server with tickTime 2000 minSessionTimeout 4000 maxSessionTimeout 40000 datadir ./localhost:2185/data/version-2 snapdir ./localhost:2185/data/version-2
2015-06-29 16:53:41,460 [myid:5] - INFO  [QuorumPeer[myid=5]/0:0:0:0:0:0:0:0:2185:Leader@409] - LEADING - LEADER ELECTION TOOK - 95
2015-06-29 16:53:41,468 [myid:5] - INFO  [QuorumPeer[myid=5]/0:0:0:0:0:0:0:0:2185:FileTxnSnapLog@298] - Snapshotting: 0x30000005b to ./localhost:2185/data/version-2/snapshot.30000005b
2015-06-29 16:53:41,490 [myid:5] - INFO  [LearnerHandler-/127.0.0.1:49520:LearnerHandler@361] - Follower sid: 4 : info : localhost:3184:4184:participant
2015-06-29 16:53:41,490 [myid:5] - INFO  [LearnerHandler-/127.0.0.1:49521:LearnerHandler@361] - Follower sid: 1 : info : localhost:3181:4181:participant
2015-06-29 16:53:41,491 [myid:5] - INFO  [LearnerHandler-/127.0.0.1:49522:LearnerHandler@361] - Follower sid: 2 : info : localhost:3182:4182:participant
2015-06-29 16:53:41,522 [myid:5] - INFO  [LearnerHandler-/127.0.0.1:49522:LearnerHandler@659] - Synchronizing with Follower sid: 2 maxCommittedLog=0x30000005b minCommittedLog=0x300000001 lastProcessedZxid=0x30000005b peerLastZxid=0x30000005b
2015-06-29 16:53:41,523 [myid:5] - INFO  [LearnerHandler-/127.0.0.1:49522:LearnerHandler@703] - Sending DIFF zxid=0x30000005b for peer sid: 2
2015-06-29 16:53:41,523 [myid:5] - INFO  [LearnerHandler-/127.0.0.1:49521:LearnerHandler@659] - Synchronizing with Follower sid: 1 maxCommittedLog=0x30000005b minCommittedLog=0x300000001 lastProcessedZxid=0x30000005b peerLastZxid=0x30000005b
2015-06-29 16:53:41,523 [myid:5] - INFO  [LearnerHandler-/127.0.0.1:49521:LearnerHandler@703] - Sending DIFF zxid=0x30000005b for peer sid: 1
2015-06-29 16:53:41,525 [myid:5] - INFO  [LearnerHandler-/127.0.0.1:49520:LearnerHandler@659] - Synchronizing with Follower sid: 4 maxCommittedLog=0x30000005b minCommittedLog=0x300000001 lastProcessedZxid=0x30000005b peerLastZxid=0x30000005b
2015-06-29 16:53:41,525 [myid:5] - INFO  [LearnerHandler-/127.0.0.1:49520:LearnerHandler@703] - Sending DIFF zxid=0x30000005b for peer sid: 4
2015-06-29 16:53:41,554 [myid:5] - INFO  [QuorumPeer[myid=5]/0:0:0:0:0:0:0:0:2185:Leader@1243] - Have quorum of supporters, sids: [ [1, 2, 5] ]; starting up and setting last processed zxid: 0x400000000
2015-06-29 16:53:41,582 [myid:5] - INFO  [QuorumPeer[myid=5]/0:0:0:0:0:0:0:0:2185:CommitProcessor@253] - Configuring CommitProcessor with 2 worker threads.
2015-06-29 16:53:42,466 [myid:5] - INFO  [LearnerHandler-/127.0.0.1:49523:LearnerHandler@361] - Follower sid: 3 : info : localhost:3183:4183:participant
2015-06-29 16:53:42,477 [myid:5] - INFO  [LearnerHandler-/127.0.0.1:49523:LearnerHandler@659] - Synchronizing with Follower sid: 3 maxCommittedLog=0x30000005b minCommittedLog=0x300000001 lastProcessedZxid=0x400000000 peerLastZxid=0x30000005b
2015-06-29 16:53:42,477 [myid:5] - INFO  [LearnerHandler-/127.0.0.1:49523:LearnerHandler@720] - Using committedLog for peer sid: 3
2015-06-29 16:53:42,478 [myid:5] - INFO  [LearnerHandler-/127.0.0.1:49523:LearnerHandler@810] - Sending DIFF zxid=0x30000005b for peer sid: 3
2015-06-29 16:53:52,000 [myid:5] - INFO  [SessionTracker:ZooKeeperServer@349] - Expiring session 0x14e41550d300010, timeout of 10000ms exceeded
2015-06-29 16:53:52,001 [myid:5] - INFO  [SessionTracker:QuorumZooKeeperServer@132] - Submitting global closeSession request for session 0x14e41550d300010
2015-06-29 16:53:52,002 [myid:5] - INFO  [ProcessThread(sid:5 cport:-1)::PrepRequestProcessor@676] - Processed session termination for sessionid: 0x14e41550d300010
2015-06-29 16:53:52,003 [myid:5] - INFO  [SyncThread:5:FileTxnLog@200] - Creating new log file: log.400000001
2015-06-29 16:53:58,023 [myid:5] - INFO  [NIOServerCxnFactory.AcceptThread:0.0.0.0/0.0.0.0:2185:NIOServerCnxnFactory$AcceptThread@296] - Accepted socket connection from /127.0.0.1:36443
2015-06-29 16:53:58,032 [myid:5] - INFO  [NIOWorkerThread-1:NIOServerCnxn@835] - Processing srvr command from /127.0.0.1:36443
2015-06-29 16:53:58,037 [myid:5] - INFO  [NIOWorkerThread-1:NIOServerCnxn@1006] - Closed socket connection for client /127.0.0.1:36443 (no session established for client)
2015-06-29 16:56:48,001 [myid:5] - INFO  [SessionTracker:ZooKeeperServer@349] - Expiring session 0x14e41bd999e0002, timeout of 10000ms exceeded
2015-06-29 16:56:48,001 [myid:5] - INFO  [SessionTracker:QuorumZooKeeperServer@132] - Submitting global closeSession request for session 0x14e41bd999e0002
2015-06-29 16:56:48,002 [myid:5] - INFO  [ProcessThread(sid:5 cport:-1)::PrepRequestProcessor@676] - Processed session termination for sessionid: 0x14e41bd999e0002
2015-06-29 16:56:54,000 [myid:5] - INFO  [SessionTracker:ZooKeeperServer@349] - Expiring session 0x14e41bd999e0001, timeout of 10000ms exceeded
2015-06-29 16:56:54,001 [myid:5] - INFO  [SessionTracker:QuorumZooKeeperServer@132] - Submitting global closeSession request for session 0x14e41bd999e0001
2015-06-29 16:56:54,001 [myid:5] - INFO  [ProcessThread(sid:5 cport:-1)::PrepRequestProcessor@676] - Processed session termination for sessionid: 0x14e41bd999e0001
2015-06-29 16:57:46,000 [myid:5] - INFO  [SessionTracker:ZooKeeperServer@349] - Expiring session 0x14e41bd999e0004, timeout of 10000ms exceeded
2015-06-29 16:57:46,000 [myid:5] - INFO  [SessionTracker:QuorumZooKeeperServer@132] - Submitting global closeSession request for session 0x14e41bd999e0004
2015-06-29 16:57:46,001 [myid:5] - INFO  [ProcessThread(sid:5 cport:-1)::PrepRequestProcessor@676] - Processed session termination for sessionid: 0x14e41bd999e0004
2015-06-29 16:57:48,000 [myid:5] - INFO  [SessionTracker:ZooKeeperServer@349] - Expiring session 0x14e41bd999e0003, timeout of 10000ms exceeded
2015-06-29 16:57:48,000 [myid:5] - INFO  [SessionTracker:QuorumZooKeeperServer@132] - Submitting global closeSession request for session 0x14e41bd999e0003
2015-06-29 16:57:48,001 [myid:5] - INFO  [ProcessThread(sid:5 cport:-1)::PrepRequestProcessor@676] - Processed session termination for sessionid: 0x14e41bd999e0003
2015-06-29 16:59:04,000 [myid:5] - INFO  [SessionTracker:ZooKeeperServer@349] - Expiring session 0x14e41bd999e0005, timeout of 10000ms exceeded
2015-06-29 16:59:04,000 [myid:5] - INFO  [SessionTracker:QuorumZooKeeperServer@132] - Submitting global closeSession request for session 0x14e41bd999e0005
2015-06-29 16:59:04,001 [myid:5] - INFO  [ProcessThread(sid:5 cport:-1)::PrepRequestProcessor@676] - Processed session termination for sessionid: 0x14e41bd999e0005
2015-06-29 16:59:28,000 [myid:5] - INFO  [SessionTracker:ZooKeeperServer@349] - Expiring session 0x14e41bd999e0006, timeout of 10000ms exceeded
2015-06-29 16:59:28,001 [myid:5] - INFO  [SessionTracker:QuorumZooKeeperServer@132] - Submitting global closeSession request for session 0x14e41bd999e0006
2015-06-29 16:59:28,002 [myid:5] - INFO  [ProcessThread(sid:5 cport:-1)::PrepRequestProcessor@676] - Processed session termination for sessionid: 0x14e41bd999e0006
2015-06-29 17:01:46,000 [myid:5] - INFO  [SessionTracker:ZooKeeperServer@349] - Expiring session 0x14e41bd999e0007, timeout of 10000ms exceeded
2015-06-29 17:01:46,000 [myid:5] - INFO  [SessionTracker:QuorumZooKeeperServer@132] - Submitting global closeSession request for session 0x14e41bd999e0007
2015-06-29 17:01:46,001 [myid:5] - INFO  [ProcessThread(sid:5 cport:-1)::PrepRequestProcessor@676] - Processed session termination for sessionid: 0x14e41bd999e0007
2015-06-29 17:02:10,000 [myid:5] - INFO  [SessionTracker:ZooKeeperServer@349] - Expiring session 0x14e41bd999e0009, timeout of 10000ms exceeded
2015-06-29 17:02:10,000 [myid:5] - INFO  [SessionTracker:QuorumZooKeeperServer@132] - Submitting global closeSession request for session 0x14e41bd999e0009
2015-06-29 17:02:10,001 [myid:5] - INFO  [ProcessThread(sid:5 cport:-1)::PrepRequestProcessor@676] - Processed session termination for sessionid: 0x14e41bd999e0009
2015-06-29 17:02:12,000 [myid:5] - INFO  [SessionTracker:ZooKeeperServer@349] - Expiring session 0x14e41bd999e000b, timeout of 10000ms exceeded
2015-06-29 17:02:12,000 [myid:5] - INFO  [SessionTracker:QuorumZooKeeperServer@132] - Submitting global closeSession request for session 0x14e41bd999e000b
2015-06-29 17:02:12,001 [myid:5] - INFO  [SessionTracker:ZooKeeperServer@349] - Expiring session 0x14e41bd999e000a, timeout of 10000ms exceeded
2015-06-29 17:02:12,001 [myid:5] - INFO  [ProcessThread(sid:5 cport:-1)::PrepRequestProcessor@676] - Processed session termination for sessionid: 0x14e41bd999e000b
2015-06-29 17:02:12,001 [myid:5] - INFO  [SessionTracker:QuorumZooKeeperServer@132] - Submitting global closeSession request for session 0x14e41bd999e000a
2015-06-29 17:02:12,003 [myid:5] - INFO  [ProcessThread(sid:5 cport:-1)::PrepRequestProcessor@676] - Processed session termination for sessionid: 0x14e41bd999e000a
2015-06-29 17:05:04,000 [myid:5] - INFO  [SessionTracker:ZooKeeperServer@349] - Expiring session 0x14e41bd999e0008, timeout of 10000ms exceeded
2015-06-29 17:05:04,000 [myid:5] - INFO  [SessionTracker:QuorumZooKeeperServer@132] - Submitting global closeSession request for session 0x14e41bd999e0008
2015-06-29 17:05:04,001 [myid:5] - INFO  [ProcessThread(sid:5 cport:-1)::PrepRequestProcessor@676] - Processed session termination for sessionid: 0x14e41bd999e0008
2015-06-29 17:05:18,000 [myid:5] - INFO  [SessionTracker:ZooKeeperServer@349] - Expiring session 0x14e41bd999e000e, timeout of 10000ms exceeded
2015-06-29 17:05:18,001 [myid:5] - INFO  [SessionTracker:QuorumZooKeeperServer@132] - Submitting global closeSession request for session 0x14e41bd999e000e
2015-06-29 17:05:18,001 [myid:5] - INFO  [SessionTracker:ZooKeeperServer@349] - Expiring session 0x14e41bd999e0011, timeout of 10000ms exceeded
2015-06-29 17:05:18,001 [myid:5] - INFO  [ProcessThread(sid:5 cport:-1)::PrepRequestProcessor@676] - Processed session termination for sessionid: 0x14e41bd999e000e
2015-06-29 17:05:18,001 [myid:5] - INFO  [SessionTracker:QuorumZooKeeperServer@132] - Submitting global closeSession request for session 0x14e41bd999e0011
2015-06-29 17:05:18,002 [myid:5] - INFO  [SessionTracker:ZooKeeperServer@349] - Expiring session 0x14e41bd999e000f, timeout of 10000ms exceeded
2015-06-29 17:05:18,002 [myid:5] - INFO  [SessionTracker:QuorumZooKeeperServer@132] - Submitting global closeSession request for session 0x14e41bd999e000f
2015-06-29 17:05:18,002 [myid:5] - INFO  [ProcessThread(sid:5 cport:-1)::PrepRequestProcessor@676] - Processed session termination for sessionid: 0x14e41bd999e0011
2015-06-29 17:05:18,004 [myid:5] - INFO  [SessionTracker:ZooKeeperServer@349] - Expiring session 0x14e41bd999e0010, timeout of 10000ms exceeded
2015-06-29 17:05:18,004 [myid:5] - INFO  [SessionTracker:QuorumZooKeeperServer@132] - Submitting global closeSession request for session 0x14e41bd999e0010
2015-06-29 17:05:18,004 [myid:5] - INFO  [SessionTracker:ZooKeeperServer@349] - Expiring session 0x14e41bd999e000d, timeout of 10000ms exceeded
2015-06-29 17:05:18,004 [myid:5] - INFO  [SessionTracker:QuorumZooKeeperServer@132] - Submitting global closeSession request for session 0x14e41bd999e000d
2015-06-29 17:05:18,004 [myid:5] - INFO  [ProcessThread(sid:5 cport:-1)::PrepRequestProcessor@676] - Processed session termination for sessionid: 0x14e41bd999e000f
2015-06-29 17:05:18,005 [myid:5] - INFO  [ProcessThread(sid:5 cport:-1)::PrepRequestProcessor@676] - Processed session termination for sessionid: 0x14e41bd999e0010
2015-06-29 17:05:18,006 [myid:5] - INFO  [ProcessThread(sid:5 cport:-1)::PrepRequestProcessor@676] - Processed session termination for sessionid: 0x14e41bd999e000d
2015-06-29 17:05:40,000 [myid:5] - INFO  [SessionTracker:ZooKeeperServer@349] - Expiring session 0x14e41bd999e0012, timeout of 10000ms exceeded
2015-06-29 17:05:40,001 [myid:5] - INFO  [SessionTracker:QuorumZooKeeperServer@132] - Submitting global closeSession request for session 0x14e41bd999e0012
2015-06-29 17:05:40,001 [myid:5] - INFO  [ProcessThread(sid:5 cport:-1)::PrepRequestProcessor@676] - Processed session termination for sessionid: 0x14e41bd999e0012
2015-06-29 17:07:11,874 [myid:5] - INFO  [ProcessThread(sid:5 cport:-1)::PrepRequestProcessor@849] - Got user-level KeeperException when processing sessionid:0x14e41bd999e000c type:delete cxid:0x40 zxid:0x400000072 txntype:-1 reqpath:n/a Error Path:/blacknight/barrier Error:KeeperErrorCode = NoNode for /blacknight/barrier
2015-06-29 17:07:20,000 [myid:5] - INFO  [SessionTracker:ZooKeeperServer@349] - Expiring session 0x14e41bd999e0013, timeout of 10000ms exceeded
2015-06-29 17:07:20,000 [myid:5] - INFO  [SessionTracker:QuorumZooKeeperServer@132] - Submitting global closeSession request for session 0x14e41bd999e0013
2015-06-29 17:07:20,001 [myid:5] - INFO  [SessionTracker:ZooKeeperServer@349] - Expiring session 0x14e41bd999e0015, timeout of 10000ms exceeded
2015-06-29 17:07:20,001 [myid:5] - INFO  [ProcessThread(sid:5 cport:-1)::PrepRequestProcessor@676] - Processed session termination for sessionid: 0x14e41bd999e0013
2015-06-29 17:07:20,001 [myid:5] - INFO  [SessionTracker:QuorumZooKeeperServer@132] - Submitting global closeSession request for session 0x14e41bd999e0015
2015-06-29 17:07:20,002 [myid:5] - INFO  [SessionTracker:ZooKeeperServer@349] - Expiring session 0x14e41bd999e0014, timeout of 10000ms exceeded
2015-06-29 17:07:20,002 [myid:5] - INFO  [SessionTracker:QuorumZooKeeperServer@132] - Submitting global closeSession request for session 0x14e41bd999e0014
2015-06-29 17:07:20,002 [myid:5] - INFO  [ProcessThread(sid:5 cport:-1)::PrepRequestProcessor@676] - Processed session termination for sessionid: 0x14e41bd999e0015
2015-06-29 17:07:20,003 [myid:5] - INFO  [ProcessThread(sid:5 cport:-1)::PrepRequestProcessor@676] - Processed session termination for sessionid: 0x14e41bd999e0014
2015-06-29 17:37:06,989 [myid:5] - INFO  [ProcessThread(sid:5 cport:-1)::PrepRequestProcessor@676] - Processed session termination for sessionid: 0x14e41bd999e0000
2015-06-29 23:08:49,836 [myid:5] - INFO  [SessionTracker:ZooKeeperServer@349] - Expiring session 0x14e41bd999e000c, timeout of 10000ms exceeded
2015-06-29 23:08:49,836 [myid:5] - INFO  [SessionTracker:QuorumZooKeeperServer@132] - Submitting global closeSession request for session 0x14e41bd999e000c
2015-06-29 23:08:49,846 [myid:5] - INFO  [ProcessThread(sid:5 cport:-1)::PrepRequestProcessor@676] - Processed session termination for sessionid: 0x14e41bd999e000c
